android/app/build/intermediates/manifest_merge_blame_file/debug/manifest-merger-blame-debug-report.txt
1<?xml version="1.0" encoding="utf-8"?>
2<manifest xmlns:android="http://schemas.android.com/apk/res/android"
3    package="com.sample_react_native_cashbutton"
4    android:versionCode="1"
5    android:versionName="1.0" >
6
7    <uses-sdk
8        android:minSdkVersion="21"
9        android:targetSdkVersion="30" />
10
11    <uses-permission android:name="android.permission.SYSTEM_ALERT_WINDOW" />
11-->src/debug/AndroidManifest.xml:5:5-77
11-->src/debug/AndroidManifest.xml:5:22-75
12    <uses-permission android:name="android.permission.INTERNET" />
12-->src/main/AndroidManifest.xml:5:5-67
12-->src/main/AndroidManifest.xml:5:22-64
13    <uses-permission android:name="android.permission.ACCESS_NETWORK_STATE" /> <!-- android target sdk 28 FOREGROUND_SERVICE -->
13-->src/main/AndroidManifest.xml:6:5-79
13-->src/main/AndroidManifest.xml:6:22-76
14    <uses-permission android:name="android.permission.FOREGROUND_SERVICE" />
14-->src/main/AndroidManifest.xml:8:5-77
14-->src/main/AndroidManifest.xml:8:22-74
15    <uses-permission android:name="android.permission.RECEIVE_BOOT_COMPLETED" />
15-->src/main/AndroidManifest.xml:9:5-81
15-->src/main/AndroidManifest.xml:9:22-78
16    <uses-permission android:name="android.permission.VIBRATE" />
16-->src/main/AndroidManifest.xml:10:5-66
16-->src/main/AndroidManifest.xml:10:22-63
17    <uses-permission android:name="android.permission.ACCESS_WIFI_STATE" />
17-->[com.facebook.flipper:flipper:0.99.0] AndroidManifest.xml:16:5-76
17-->[com.facebook.flipper:flipper:0.99.0] AndroidManifest.xml:16:22-73
18    <uses-permission android:name="android.permission.REQUEST_IGNORE_BATTERY_OPTIMIZATIONS" />
18-->[org.bitbucket.avatye:src_cashbutton_sdk_aos:1.5.26] AndroidManifest.xml:17:5-95
18-->[org.bitbucket.avatye:src_cashbutton_sdk_aos:1.5.26] AndroidManifest.xml:17:22-92
19    <uses-permission android:name="com.google.android.gms.permission.AD_ID" />
19-->[org.bitbucket.avatye:src_cashbutton_sdk_aos:1.5.26] AndroidManifest.xml:18:5-79
19-->[org.bitbucket.avatye:src_cashbutton_sdk_aos:1.5.26] AndroidManifest.xml:18:22-76
20
21    <queries>
21-->[org.bitbucket.avatye:src_cashbutton_sdk_aos:1.5.26] AndroidManifest.xml:20:5-27:15
22        <intent>
22-->[org.bitbucket.avatye:src_cashbutton_sdk_aos:1.5.26] AndroidManifest.xml:21:9-23:18
23            <action android:name="android.intent.action.VIEW" />
23-->[org.bitbucket.avatye:src_cashbutton_sdk_aos:1.5.26] AndroidManifest.xml:22:13-65
23-->[org.bitbucket.avatye:src_cashbutton_sdk_aos:1.5.26] AndroidManifest.xml:22:21-62
24        </intent>
25        <intent>
25-->[org.bitbucket.avatye:src_cashbutton_sdk_aos:1.5.26] AndroidManifest.xml:24:9-26:18
26            <action android:name="android.intent.action.MAIN" />
26-->src/main/AndroidManifest.xml:29:17-69
26-->src/main/AndroidManifest.xml:29:25-66
27        </intent>
28        <!-- Camera -->
29        <intent>
29-->[io.channel:plugin-android:9.0.9] AndroidManifest.xml:14:9-16:18
30            <action android:name="android.media.action.IMAGE_CAPTURE" />
30-->[io.channel:plugin-android:9.0.9] AndroidManifest.xml:15:13-73
30-->[io.channel:plugin-android:9.0.9] AndroidManifest.xml:15:21-70
31        </intent> <!-- deep link -->
32        <intent>
32-->[com.buzzvil:buzzad-benefit-base:3.0.1] AndroidManifest.xml:13:9-17:18
33            <action android:name="android.intent.action.VIEW" />
33-->[org.bitbucket.avatye:src_cashbutton_sdk_aos:1.5.26] AndroidManifest.xml:22:13-65
33-->[org.bitbucket.avatye:src_cashbutton_sdk_aos:1.5.26] AndroidManifest.xml:22:21-62
34
35            <data android:scheme="http" />
35-->[com.buzzvil:buzzad-benefit-pop:3.0.1] AndroidManifest.xml:24:17-27:47
35-->[com.buzzvil:buzzad-benefit-pop:3.0.1] AndroidManifest.xml:27:21-44
36        </intent>
37        <intent>
37-->[com.buzzvil:buzzad-benefit-base:3.0.1] AndroidManifest.xml:18:9-22:18
38            <action android:name="android.intent.action.VIEW" />
38-->[org.bitbucket.avatye:src_cashbutton_sdk_aos:1.5.26] AndroidManifest.xml:22:13-65
38-->[org.bitbucket.avatye:src_cashbutton_sdk_aos:1.5.26] AndroidManifest.xml:22:21-62
39
40            <data android:scheme="https" />
40-->[com.buzzvil:buzzad-benefit-pop:3.0.1] AndroidManifest.xml:24:17-27:47
40-->[com.buzzvil:buzzad-benefit-pop:3.0.1] AndroidManifest.xml:27:21-44
41        </intent>
42        <intent>
42-->[com.buzzvil:buzzad-benefit-base:3.0.1] AndroidManifest.xml:23:9-27:18
43            <action android:name="android.intent.action.VIEW" />
43-->[org.bitbucket.avatye:src_cashbutton_sdk_aos:1.5.26] AndroidManifest.xml:22:13-65
43-->[org.bitbucket.avatye:src_cashbutton_sdk_aos:1.5.26] AndroidManifest.xml:22:21-62
44
45            <data android:scheme="tel" />
45-->[com.buzzvil:buzzad-benefit-pop:3.0.1] AndroidManifest.xml:24:17-27:47
45-->[com.buzzvil:buzzad-benefit-pop:3.0.1] AndroidManifest.xml:27:21-44
46        </intent>
47        <intent>
47-->[com.buzzvil:buzzad-benefit-base:3.0.1] AndroidManifest.xml:28:9-32:18
48            <action android:name="android.intent.action.VIEW" />
48-->[org.bitbucket.avatye:src_cashbutton_sdk_aos:1.5.26] AndroidManifest.xml:22:13-65
48-->[org.bitbucket.avatye:src_cashbutton_sdk_aos:1.5.26] AndroidManifest.xml:22:21-62
49
50            <data android:scheme="android-app" />
50-->[com.buzzvil:buzzad-benefit-pop:3.0.1] AndroidManifest.xml:24:17-27:47
50-->[com.buzzvil:buzzad-benefit-pop:3.0.1] AndroidManifest.xml:27:21-44
51        </intent>
52        <intent>
52-->[com.buzzvil:buzzad-benefit-base:3.0.1] AndroidManifest.xml:33:9-37:18
53            <action android:name="android.intent.action.VIEW" />
53-->[org.bitbucket.avatye:src_cashbutton_sdk_aos:1.5.26] AndroidManifest.xml:22:13-65
53-->[org.bitbucket.avatye:src_cashbutton_sdk_aos:1.5.26] AndroidManifest.xml:22:21-62
54
55            <data android:scheme="intent" />
55-->[com.buzzvil:buzzad-benefit-pop:3.0.1] AndroidManifest.xml:24:17-27:47
55-->[com.buzzvil:buzzad-benefit-pop:3.0.1] AndroidManifest.xml:27:21-44
56        </intent>
57        <intent>
57-->[com.buzzvil:buzzad-benefit-base:3.0.1] AndroidManifest.xml:38:9-42:18
58            <action android:name="android.intent.action.VIEW" />
58-->[org.bitbucket.avatye:src_cashbutton_sdk_aos:1.5.26] AndroidManifest.xml:22:13-65
58-->[org.bitbucket.avatye:src_cashbutton_sdk_aos:1.5.26] AndroidManifest.xml:22:21-62
59
60            <data android:scheme="market" />
60-->[com.buzzvil:buzzad-benefit-pop:3.0.1] AndroidManifest.xml:24:17-27:47
60-->[com.buzzvil:buzzad-benefit-pop:3.0.1] AndroidManifest.xml:27:21-44
61        </intent>
62        <intent>
62-->[com.buzzvil:buzzad-benefit-base:3.0.1] AndroidManifest.xml:43:9-47:18
63            <action android:name="android.intent.action.VIEW" />
63-->[org.bitbucket.avatye:src_cashbutton_sdk_aos:1.5.26] AndroidManifest.xml:22:13-65
63-->[org.bitbucket.avatye:src_cashbutton_sdk_aos:1.5.26] AndroidManifest.xml:22:21-62
64
65            <data android:scheme="file" />
65-->[com.buzzvil:buzzad-benefit-pop:3.0.1] AndroidManifest.xml:24:17-27:47
65-->[com.buzzvil:buzzad-benefit-pop:3.0.1] AndroidManifest.xml:27:21-44
66        </intent> <!-- getIntentForPackage -->
67        <intent>
67-->[com.buzzvil:buzzad-benefit-base:3.0.1] AndroidManifest.xml:50:9-54:18
68            <action android:name="android.intent.action.MAIN" />
68-->src/main/AndroidManifest.xml:29:17-69
68-->src/main/AndroidManifest.xml:29:25-66
69
70            <category android:name="android.intent.category.LAUNCHER" />
70-->src/main/AndroidManifest.xml:30:17-77
70-->src/main/AndroidManifest.xml:30:27-74
71        </intent>
72
73        <package android:name="com.facebook.katana" />
73-->[com.facebook.android:audience-network-sdk:6.8.0] AndroidManifest.xml:12:9-55
73-->[com.facebook.android:audience-network-sdk:6.8.0] AndroidManifest.xml:12:18-52
74
75        <intent>
75-->[com.pangle.global:ads-sdk:4.1.1.8] AndroidManifest.xml:12:9-18:18
76            <action android:name="android.intent.action.VIEW" />
76-->[org.bitbucket.avatye:src_cashbutton_sdk_aos:1.5.26] AndroidManifest.xml:22:13-65
76-->[org.bitbucket.avatye:src_cashbutton_sdk_aos:1.5.26] AndroidManifest.xml:22:21-62
77
78            <category android:name="android.intent.category.BROWSABLE" />
78-->[com.buzzvil:buzzad-benefit-pop:3.0.1] AndroidManifest.xml:22:17-78
78-->[com.buzzvil:buzzad-benefit-pop:3.0.1] AndroidManifest.xml:22:27-75
79
80            <data android:scheme="https" />
80-->[com.buzzvil:buzzad-benefit-pop:3.0.1] AndroidManifest.xml:24:17-27:47
80-->[com.buzzvil:buzzad-benefit-pop:3.0.1] AndroidManifest.xml:27:21-44
81        </intent>
82    </queries>
83
84    <uses-permission android:name="android.permission.WRITE_EXTERNAL_STORAGE" />
84-->[io.channel:plugin-android:9.0.9] AndroidManifest.xml:21:5-81
84-->[io.channel:plugin-android:9.0.9] AndroidManifest.xml:21:22-78
85    <uses-permission android:name="android.permission.READ_EXTERNAL_STORAGE" />
85-->[io.channel:plugin-android:9.0.9] AndroidManifest.xml:22:5-80
85-->[io.channel:plugin-android:9.0.9] AndroidManifest.xml:22:22-77
86
87    <uses-feature
87-->[io.channel:plugin-android:9.0.9] AndroidManifest.xml:25:5-27:36
88        android:name="android.hardware.telephony"
88-->[io.channel:plugin-android:9.0.9] AndroidManifest.xml:26:9-50
89        android:required="false" />
89-->[io.channel:plugin-android:9.0.9] AndroidManifest.xml:27:9-33
90
91    <uses-permission android:name="android.permission.WAKE_LOCK" />
91-->[androidx.work:work-runtime:2.4.0] AndroidManifest.xml:25:5-68
91-->[androidx.work:work-runtime:2.4.0] AndroidManifest.xml:25:22-65
92
93    <application
93-->src/main/AndroidManifest.xml:12:5-52:19
94        android:name="com.sample_react_native_cashbutton.MainApplication"
94-->src/main/AndroidManifest.xml:13:9-40
95        android:allowBackup="false"
95-->src/main/AndroidManifest.xml:14:9-36
96        android:appComponentFactory="androidx.core.app.CoreComponentFactory"
96-->[androidx.core:core:1.5.0] AndroidManifest.xml:24:18-86
97        android:debuggable="true"
98        android:hardwareAccelerated="true"
98-->[com.vungle:publisher-sdk-android:6.10.2] AndroidManifest.xml:17:9-43
99        android:icon="@mipmap/ic_launcher"
99-->src/main/AndroidManifest.xml:15:9-43
100        android:label="@string/app_name"
100-->src/main/AndroidManifest.xml:16:9-41
101        android:networkSecurityConfig="@xml/network_security_config"
101-->src/main/AndroidManifest.xml:17:9-69
102        android:roundIcon="@mipmap/ic_launcher_round"
102-->src/main/AndroidManifest.xml:18:9-54
103        android:supportsRtl="true"
103-->[com.vungle:publisher-sdk-android:6.10.2] AndroidManifest.xml:18:9-35
104        android:testOnly="true"
105        android:theme="@style/AppTheme"
105-->src/main/AndroidManifest.xml:19:9-40
106        android:usesCleartextTraffic="true" >
106-->src/main/AndroidManifest.xml:20:9-44
107        <activity android:name="com.facebook.react.devsupport.DevSettingsActivity" />
107-->src/debug/AndroidManifest.xml:11:9-86
107-->src/debug/AndroidManifest.xml:11:19-83
108        <activity
108-->src/main/AndroidManifest.xml:22:9-32:20
109            android:name="com.sample_react_native_cashbutton.MainActivity"
109-->src/main/AndroidManifest.xml:23:13-41
110            android:configChanges="keyboard|keyboardHidden|orientation|screenSize|uiMode"
110-->src/main/AndroidManifest.xml:24:13-90
111            android:label="@string/app_name"
111-->src/main/AndroidManifest.xml:25:13-45
112            android:launchMode="singleTask"
112-->src/main/AndroidManifest.xml:26:13-44
113            android:windowSoftInputMode="adjustResize" >
113-->src/main/AndroidManifest.xml:27:13-55
114            <intent-filter>
114-->src/main/AndroidManifest.xml:28:13-31:29
115                <action android:name="android.intent.action.MAIN" />
115-->src/main/AndroidManifest.xml:29:17-69
115-->src/main/AndroidManifest.xml:29:25-66
116
117                <category android:name="android.intent.category.LAUNCHER" />
117-->src/main/AndroidManifest.xml:30:17-77
117-->src/main/AndroidManifest.xml:30:27-74
118            </intent-filter>
119        </activity> <!-- region { cashbutton } -->
120        <meta-data
120-->src/main/AndroidManifest.xml:35:9-37:36
121            android:name="avatye_log"
121-->src/main/AndroidManifest.xml:36:13-38
122            android:value="true" />
122-->src/main/AndroidManifest.xml:37:13-33
123        <meta-data
123-->src/main/AndroidManifest.xml:38:9-40:64
124            android:name="avatye_appid"
124-->src/main/AndroidManifest.xml:39:13-40
125            android:value="91e4b7f81a6511ea813d0a4916b2361a" />
125-->src/main/AndroidManifest.xml:40:13-61
126        <meta-data
126-->src/main/AndroidManifest.xml:41:9-43:49
127            android:name="avatye_appsecret"
127-->src/main/AndroidManifest.xml:42:13-44
128            android:value="aafc702323bf6a214" />
128-->src/main/AndroidManifest.xml:43:13-46
129        <meta-data
129-->src/main/AndroidManifest.xml:44:9-46:38
130            android:name="avatye_market"
130-->src/main/AndroidManifest.xml:45:13-41
131            android:value="google" />
131-->src/main/AndroidManifest.xml:46:13-35
132        <meta-data
132-->src/main/AndroidManifest.xml:47:9-49:55
133            android:name="com.buzzvil.APP_KEY"
133-->src/main/AndroidManifest.xml:48:13-47
134            android:value="app-pub-372338902729298" />
134-->src/main/AndroidManifest.xml:49:13-52
135        <meta-data
135-->[org.bitbucket.avatye:src_cashbutton_sdk_aos:1.5.26] AndroidManifest.xml:30:9-32:118
136            android:name="applovin.sdk.key"
136-->[org.bitbucket.avatye:src_cashbutton_sdk_aos:1.5.26] AndroidManifest.xml:31:13-44
137            android:value="nPNmWdnX7aDsJQd7yPG7w-rzdTAJJ3qcBNpgSoWzDrm4bUMSmHZJsv-2XRTSiOItVTm7FWZ7PrkUEKeVvlomd1" /> <!-- service // -->
137-->[org.bitbucket.avatye:src_cashbutton_sdk_aos:1.5.26] AndroidManifest.xml:32:13-115
138        <service
138-->[org.bitbucket.avatye:src_cashbutton_sdk_aos:1.5.26] AndroidManifest.xml:35:9-38:40
139            android:name="com.avatye.sdk.cashbutton.core.service.CashNotifyService"
139-->[org.bitbucket.avatye:src_cashbutton_sdk_aos:1.5.26] AndroidManifest.xml:36:13-84
140            android:enabled="true"
140-->[org.bitbucket.avatye:src_cashbutton_sdk_aos:1.5.26] AndroidManifest.xml:37:13-35
141            android:exported="false" />
141-->[org.bitbucket.avatye:src_cashbutton_sdk_aos:1.5.26] AndroidManifest.xml:38:13-37
142        <service
142-->[org.bitbucket.avatye:src_cashbutton_sdk_aos:1.5.26] AndroidManifest.xml:39:9-42:40
143            android:name="com.avatye.sdk.cashbutton.core.service.CashPopControlService"
143-->[org.bitbucket.avatye:src_cashbutton_sdk_aos:1.5.26] AndroidManifest.xml:40:13-88
144            android:enabled="true"
144-->[org.bitbucket.avatye:src_cashbutton_sdk_aos:1.5.26] AndroidManifest.xml:41:13-35
145            android:exported="false" />
145-->[org.bitbucket.avatye:src_cashbutton_sdk_aos:1.5.26] AndroidManifest.xml:42:13-37
146
147        <receiver
147-->[org.bitbucket.avatye:src_cashbutton_sdk_aos:1.5.26] AndroidManifest.xml:44:9-51:20
148            android:name="com.avatye.sdk.cashbutton.core.service.BootReceiver"
148-->[org.bitbucket.avatye:src_cashbutton_sdk_aos:1.5.26] AndroidManifest.xml:45:13-79
149            android:enabled="true"
149-->[org.bitbucket.avatye:src_cashbutton_sdk_aos:1.5.26] AndroidManifest.xml:46:13-35
150            android:exported="false" >
150-->[org.bitbucket.avatye:src_cashbutton_sdk_aos:1.5.26] AndroidManifest.xml:47:13-37
151            <intent-filter>
151-->[org.bitbucket.avatye:src_cashbutton_sdk_aos:1.5.26] AndroidManifest.xml:48:13-50:29
152                <action android:name="android.intent.action.BOOT_COMPLETED" />
152-->[org.bitbucket.avatye:src_cashbutton_sdk_aos:1.5.26] AndroidManifest.xml:49:17-79
152-->[org.bitbucket.avatye:src_cashbutton_sdk_aos:1.5.26] AndroidManifest.xml:49:25-76
153            </intent-filter>
154        </receiver> <!-- // service -->
155        <!-- main activities // -->
156        <activity
156-->[org.bitbucket.avatye:src_cashbutton_sdk_aos:1.5.26] AndroidManifest.xml:54:9-58:54
157            android:name="com.avatye.sdk.cashbutton.ui.main.MainActivity"
157-->[org.bitbucket.avatye:src_cashbutton_sdk_aos:1.5.26] AndroidManifest.xml:55:13-74
158            android:launchMode="singleTask"
158-->[org.bitbucket.avatye:src_cashbutton_sdk_aos:1.5.26] AndroidManifest.xml:56:13-44
159            android:screenOrientation="portrait"
159-->[org.bitbucket.avatye:src_cashbutton_sdk_aos:1.5.26] AndroidManifest.xml:57:13-49
160            android:theme="@style/Avatye.Activity" /> <!-- // main activities -->
160-->[org.bitbucket.avatye:src_cashbutton_sdk_aos:1.5.26] AndroidManifest.xml:58:13-51
161        <!-- inspection activities // -->
162        <activity
162-->[org.bitbucket.avatye:src_cashbutton_sdk_aos:1.5.26] AndroidManifest.xml:61:9-64:54
163            android:name="com.avatye.sdk.cashbutton.ui.inspection.InspectionActivity"
163-->[org.bitbucket.avatye:src_cashbutton_sdk_aos:1.5.26] AndroidManifest.xml:62:13-86
164            android:screenOrientation="portrait"
164-->[org.bitbucket.avatye:src_cashbutton_sdk_aos:1.5.26] AndroidManifest.xml:63:13-49
165            android:theme="@style/Avatye.Activity" /> <!-- // inspection activities -->
165-->[org.bitbucket.avatye:src_cashbutton_sdk_aos:1.5.26] AndroidManifest.xml:64:13-51
166        <!-- account activities // -->
167        <activity
167-->[org.bitbucket.avatye:src_cashbutton_sdk_aos:1.5.26] AndroidManifest.xml:67:9-70:54
168            android:name="com.avatye.sdk.cashbutton.ui.account.register.AccountRegisterActivity"
168-->[org.bitbucket.avatye:src_cashbutton_sdk_aos:1.5.26] AndroidManifest.xml:68:13-97
169            android:screenOrientation="portrait"
169-->[org.bitbucket.avatye:src_cashbutton_sdk_aos:1.5.26] AndroidManifest.xml:69:13-49
170            android:theme="@style/Avatye.Activity" />
170-->[org.bitbucket.avatye:src_cashbutton_sdk_aos:1.5.26] AndroidManifest.xml:70:13-51
171        <activity
171-->[org.bitbucket.avatye:src_cashbutton_sdk_aos:1.5.26] AndroidManifest.xml:71:9-74:54
172            android:name="com.avatye.sdk.cashbutton.ui.account.verify.VerifyPhoneNumberActivity"
172-->[org.bitbucket.avatye:src_cashbutton_sdk_aos:1.5.26] AndroidManifest.xml:72:13-97
173            android:screenOrientation="portrait"
173-->[org.bitbucket.avatye:src_cashbutton_sdk_aos:1.5.26] AndroidManifest.xml:73:13-49
174            android:theme="@style/Avatye.Activity" /> <!-- // account activities -->
174-->[org.bitbucket.avatye:src_cashbutton_sdk_aos:1.5.26] AndroidManifest.xml:74:13-51
175        <!-- banking activities -->
176        <activity
176-->[org.bitbucket.avatye:src_cashbutton_sdk_aos:1.5.26] AndroidManifest.xml:77:9-80:54
177            android:name="com.avatye.sdk.cashbutton.ui.banking.BankingMainActivity"
177-->[org.bitbucket.avatye:src_cashbutton_sdk_aos:1.5.26] AndroidManifest.xml:78:13-84
178            android:screenOrientation="portrait"
178-->[org.bitbucket.avatye:src_cashbutton_sdk_aos:1.5.26] AndroidManifest.xml:79:13-49
179            android:theme="@style/Avatye.Activity" />
179-->[org.bitbucket.avatye:src_cashbutton_sdk_aos:1.5.26] AndroidManifest.xml:80:13-51
180        <activity
180-->[org.bitbucket.avatye:src_cashbutton_sdk_aos:1.5.26] AndroidManifest.xml:81:9-85:55
181            android:name="com.avatye.sdk.cashbutton.ui.banking.BankingConfirmActivity"
181-->[org.bitbucket.avatye:src_cashbutton_sdk_aos:1.5.26] AndroidManifest.xml:82:13-87
182            android:screenOrientation="portrait"
182-->[org.bitbucket.avatye:src_cashbutton_sdk_aos:1.5.26] AndroidManifest.xml:83:13-49
183            android:theme="@style/Avatye.Activity"
183-->[org.bitbucket.avatye:src_cashbutton_sdk_aos:1.5.26] AndroidManifest.xml:84:13-51
184            android:windowSoftInputMode="adjustPan" />
184-->[org.bitbucket.avatye:src_cashbutton_sdk_aos:1.5.26] AndroidManifest.xml:85:13-52
185        <activity
185-->[org.bitbucket.avatye:src_cashbutton_sdk_aos:1.5.26] AndroidManifest.xml:86:9-89:54
186            android:name="com.avatye.sdk.cashbutton.ui.banking.BankingCompleteActivity"
186-->[org.bitbucket.avatye:src_cashbutton_sdk_aos:1.5.26] AndroidManifest.xml:87:13-88
187            android:screenOrientation="portrait"
187-->[org.bitbucket.avatye:src_cashbutton_sdk_aos:1.5.26] AndroidManifest.xml:88:13-49
188            android:theme="@style/Avatye.Activity" /> <!-- // banking activities -->
188-->[org.bitbucket.avatye:src_cashbutton_sdk_aos:1.5.26] AndroidManifest.xml:89:13-51
189        <!-- common activities // -->
190        <activity
190-->[org.bitbucket.avatye:src_cashbutton_sdk_aos:1.5.26] AndroidManifest.xml:92:9-95:54
191            android:name="com.avatye.sdk.cashbutton.ui.license.LicenseActivity"
191-->[org.bitbucket.avatye:src_cashbutton_sdk_aos:1.5.26] AndroidManifest.xml:93:13-80
192            android:screenOrientation="portrait"
192-->[org.bitbucket.avatye:src_cashbutton_sdk_aos:1.5.26] AndroidManifest.xml:94:13-49
193            android:theme="@style/Avatye.Activity" /> <!-- // common activities -->
193-->[org.bitbucket.avatye:src_cashbutton_sdk_aos:1.5.26] AndroidManifest.xml:95:13-51
194        <!-- contact activities // -->
195        <activity
195-->[org.bitbucket.avatye:src_cashbutton_sdk_aos:1.5.26] AndroidManifest.xml:98:9-101:54
196            android:name="com.avatye.sdk.cashbutton.ui.common.CommonTermsViewActivity"
196-->[org.bitbucket.avatye:src_cashbutton_sdk_aos:1.5.26] AndroidManifest.xml:99:13-87
197            android:screenOrientation="portrait"
197-->[org.bitbucket.avatye:src_cashbutton_sdk_aos:1.5.26] AndroidManifest.xml:100:13-49
198            android:theme="@style/Avatye.Activity" />
198-->[org.bitbucket.avatye:src_cashbutton_sdk_aos:1.5.26] AndroidManifest.xml:101:13-51
199        <activity
199-->[org.bitbucket.avatye:src_cashbutton_sdk_aos:1.5.26] AndroidManifest.xml:102:9-105:54
200            android:name="com.avatye.sdk.cashbutton.ui.contact.ContactInquiryActivity"
200-->[org.bitbucket.avatye:src_cashbutton_sdk_aos:1.5.26] AndroidManifest.xml:103:13-87
201            android:screenOrientation="portrait"
201-->[org.bitbucket.avatye:src_cashbutton_sdk_aos:1.5.26] AndroidManifest.xml:104:13-49
202            android:theme="@style/Avatye.Activity" />
202-->[org.bitbucket.avatye:src_cashbutton_sdk_aos:1.5.26] AndroidManifest.xml:105:13-51
203        <activity
203-->[org.bitbucket.avatye:src_cashbutton_sdk_aos:1.5.26] AndroidManifest.xml:106:9-109:54
204            android:name="com.avatye.sdk.cashbutton.ui.contact.ContactListActivity"
204-->[org.bitbucket.avatye:src_cashbutton_sdk_aos:1.5.26] AndroidManifest.xml:107:13-84
205            android:screenOrientation="portrait"
205-->[org.bitbucket.avatye:src_cashbutton_sdk_aos:1.5.26] AndroidManifest.xml:108:13-49
206            android:theme="@style/Avatye.Activity" /> <!-- // contact activities -->
206-->[org.bitbucket.avatye:src_cashbutton_sdk_aos:1.5.26] AndroidManifest.xml:109:13-51
207        <!-- faq activities // -->
208        <activity
208-->[org.bitbucket.avatye:src_cashbutton_sdk_aos:1.5.26] AndroidManifest.xml:112:9-115:54
209            android:name="com.avatye.sdk.cashbutton.ui.faq.FaqActivity"
209-->[org.bitbucket.avatye:src_cashbutton_sdk_aos:1.5.26] AndroidManifest.xml:113:13-72
210            android:screenOrientation="portrait"
210-->[org.bitbucket.avatye:src_cashbutton_sdk_aos:1.5.26] AndroidManifest.xml:114:13-49
211            android:theme="@style/Avatye.Activity" /> <!-- // faq activities -->
211-->[org.bitbucket.avatye:src_cashbutton_sdk_aos:1.5.26] AndroidManifest.xml:115:13-51
212        <!-- history activities // -->
213        <activity
213-->[org.bitbucket.avatye:src_cashbutton_sdk_aos:1.5.26] AndroidManifest.xml:118:9-121:54
214            android:name="com.avatye.sdk.cashbutton.ui.history.CashHistoryListActivity"
214-->[org.bitbucket.avatye:src_cashbutton_sdk_aos:1.5.26] AndroidManifest.xml:119:13-88
215            android:screenOrientation="portrait"
215-->[org.bitbucket.avatye:src_cashbutton_sdk_aos:1.5.26] AndroidManifest.xml:120:13-49
216            android:theme="@style/Avatye.Activity" /> <!-- // history activities -->
216-->[org.bitbucket.avatye:src_cashbutton_sdk_aos:1.5.26] AndroidManifest.xml:121:13-51
217        <!-- inventory activities // -->
218        <activity
218-->[org.bitbucket.avatye:src_cashbutton_sdk_aos:1.5.26] AndroidManifest.xml:124:9-127:54
219            android:name="com.avatye.sdk.cashbutton.ui.inventory.InventoryViewActivity"
219-->[org.bitbucket.avatye:src_cashbutton_sdk_aos:1.5.26] AndroidManifest.xml:125:13-88
220            android:screenOrientation="portrait"
220-->[org.bitbucket.avatye:src_cashbutton_sdk_aos:1.5.26] AndroidManifest.xml:126:13-49
221            android:theme="@style/Avatye.Activity" /> <!-- // inventory activities -->
221-->[org.bitbucket.avatye:src_cashbutton_sdk_aos:1.5.26] AndroidManifest.xml:127:13-51
222        <!-- news-pick activities // -->
223        <activity
223-->[org.bitbucket.avatye:src_cashbutton_sdk_aos:1.5.26] AndroidManifest.xml:130:9-133:54
224            android:name="com.avatye.sdk.cashbutton.ui.newspick.NewsPickViewActivity"
224-->[org.bitbucket.avatye:src_cashbutton_sdk_aos:1.5.26] AndroidManifest.xml:131:13-86
225            android:screenOrientation="portrait"
225-->[org.bitbucket.avatye:src_cashbutton_sdk_aos:1.5.26] AndroidManifest.xml:132:13-49
226            android:theme="@style/Avatye.Activity" /> <!-- // news-pick activities -->
226-->[org.bitbucket.avatye:src_cashbutton_sdk_aos:1.5.26] AndroidManifest.xml:133:13-51
227        <!-- notice activities // -->
228        <activity
228-->[org.bitbucket.avatye:src_cashbutton_sdk_aos:1.5.26] AndroidManifest.xml:136:9-139:54
229            android:name="com.avatye.sdk.cashbutton.ui.notice.NoticeListActivity"
229-->[org.bitbucket.avatye:src_cashbutton_sdk_aos:1.5.26] AndroidManifest.xml:137:13-82
230            android:screenOrientation="portrait"
230-->[org.bitbucket.avatye:src_cashbutton_sdk_aos:1.5.26] AndroidManifest.xml:138:13-49
231            android:theme="@style/Avatye.Activity" />
231-->[org.bitbucket.avatye:src_cashbutton_sdk_aos:1.5.26] AndroidManifest.xml:139:13-51
232        <activity
232-->[org.bitbucket.avatye:src_cashbutton_sdk_aos:1.5.26] AndroidManifest.xml:140:9-143:54
233            android:name="com.avatye.sdk.cashbutton.ui.notice.NoticeViewActivity"
233-->[org.bitbucket.avatye:src_cashbutton_sdk_aos:1.5.26] AndroidManifest.xml:141:13-82
234            android:screenOrientation="portrait"
234-->[org.bitbucket.avatye:src_cashbutton_sdk_aos:1.5.26] AndroidManifest.xml:142:13-49
235            android:theme="@style/Avatye.Activity" /> <!-- // notice activities -->
235-->[org.bitbucket.avatye:src_cashbutton_sdk_aos:1.5.26] AndroidManifest.xml:143:13-51
236        <!-- offer-wall activities // -->
237        <activity
237-->[org.bitbucket.avatye:src_cashbutton_sdk_aos:1.5.26] AndroidManifest.xml:146:9-149:54
238            android:name="com.avatye.sdk.cashbutton.ui.offerwall.OfferWallViewActivity"
238-->[org.bitbucket.avatye:src_cashbutton_sdk_aos:1.5.26] AndroidManifest.xml:147:13-88
239            android:screenOrientation="portrait"
239-->[org.bitbucket.avatye:src_cashbutton_sdk_aos:1.5.26] AndroidManifest.xml:148:13-49
240            android:theme="@style/Avatye.Activity" /> <!-- // offer-wall activities -->
240-->[org.bitbucket.avatye:src_cashbutton_sdk_aos:1.5.26] AndroidManifest.xml:149:13-51
241        <!-- pick activities // -->
242        <activity
242-->[org.bitbucket.avatye:src_cashbutton_sdk_aos:1.5.26] AndroidManifest.xml:152:9-155:54
243            android:name="com.avatye.sdk.cashbutton.ui.pick.PickMainActivity"
243-->[org.bitbucket.avatye:src_cashbutton_sdk_aos:1.5.26] AndroidManifest.xml:153:13-78
244            android:screenOrientation="portrait"
244-->[org.bitbucket.avatye:src_cashbutton_sdk_aos:1.5.26] AndroidManifest.xml:154:13-49
245            android:theme="@style/Avatye.Activity" />
245-->[org.bitbucket.avatye:src_cashbutton_sdk_aos:1.5.26] AndroidManifest.xml:155:13-51
246        <activity
246-->[org.bitbucket.avatye:src_cashbutton_sdk_aos:1.5.26] AndroidManifest.xml:156:9-159:54
247            android:name="com.avatye.sdk.cashbutton.ui.pick.PickViewActivity"
247-->[org.bitbucket.avatye:src_cashbutton_sdk_aos:1.5.26] AndroidManifest.xml:157:13-78
248            android:screenOrientation="portrait"
248-->[org.bitbucket.avatye:src_cashbutton_sdk_aos:1.5.26] AndroidManifest.xml:158:13-49
249            android:theme="@style/Avatye.Activity" /> <!-- // pick activities -->
249-->[org.bitbucket.avatye:src_cashbutton_sdk_aos:1.5.26] AndroidManifest.xml:159:13-51
250        <!-- purchase activities // -->
251        <activity
251-->[org.bitbucket.avatye:src_cashbutton_sdk_aos:1.5.26] AndroidManifest.xml:162:9-165:54
252            android:name="com.avatye.sdk.cashbutton.ui.purchase.PurchaseMainActivity"
252-->[org.bitbucket.avatye:src_cashbutton_sdk_aos:1.5.26] AndroidManifest.xml:163:13-86
253            android:screenOrientation="portrait"
253-->[org.bitbucket.avatye:src_cashbutton_sdk_aos:1.5.26] AndroidManifest.xml:164:13-49
254            android:theme="@style/Avatye.Activity" /> <!-- // purchase activities -->
254-->[org.bitbucket.avatye:src_cashbutton_sdk_aos:1.5.26] AndroidManifest.xml:165:13-51
255        <!-- exchange activities // -->
256        <activity
256-->[org.bitbucket.avatye:src_cashbutton_sdk_aos:1.5.26] AndroidManifest.xml:168:9-171:54
257            android:name="com.avatye.sdk.cashbutton.ui.exchange.ExchangeMainActivity"
257-->[org.bitbucket.avatye:src_cashbutton_sdk_aos:1.5.26] AndroidManifest.xml:169:13-86
258            android:screenOrientation="portrait"
258-->[org.bitbucket.avatye:src_cashbutton_sdk_aos:1.5.26] AndroidManifest.xml:170:13-49
259            android:theme="@style/Avatye.Activity" />
259-->[org.bitbucket.avatye:src_cashbutton_sdk_aos:1.5.26] AndroidManifest.xml:171:13-51
260        <activity